<?xml version="1.0" encoding="UTF-8"?>
<!-- Generated by org.testng.reporters.JUnitReportReporter -->
<testsuite hostname="DESKTOP-SNILOAU" failures="0" tests="1" name="org.nadim.testscripts.TC001_Login" time="4.359" errors="0" timestamp="2024-10-26T11:46:16 BDT" skipped="0">
  <testcase classname="org.nadim.testscripts.TC001_Login" name="verifyLogin" time="4.359"/>
</testsuite> <!-- org.nadim.testscripts.TC001_Login -->
